# JRE version: OpenJDK Runtime Environment (11.0.11+9) (build 11.0.11+9-b60-7590822)
# Java VM: OpenJDK 64-Bit Server VM (11.0.11+9-b60-7590822, mixed mode, tiered, compressed oops, g1 gc, windows-amd64)
Heap:
 garbage-first heap   total 260096K, used 146890K [0x0000000080000000, 0x0000000100000000)
  region size 1024K, 13 young (13312K), 7 survivors (7168K)
 Metaspace       used 122386K, capacity 126346K, committed 126464K, reserved 1159168K
  class space    used 16018K, capacity 17622K, committed 17740K, reserved 1048576K
GC Heap History (20 events):
Event: 16.210 GC heap before
{Heap before GC invocations=19 (full 0):
 garbage-first heap   total 260096K, used 206114K [0x0000000080000000, 0x0000000100000000)
  region size 1024K, 82 young (83968K), 6 survivors (6144K)
 Metaspace       used 96347K, capacity 98826K, committed 99072K, reserved 1134592K
  class space    used 12342K, capacity 13286K, committed 13388K, reserved 1048576K
}
Event: 16.223 GC heap after
{Heap after GC invocations=20 (full 0):
 garbage-first heap   total 260096K, used 136192K [0x0000000080000000, 0x0000000100000000)
  region size 1024K, 11 young (11264K), 11 survivors (11264K)
 Metaspace       used 96347K, capacity 98826K, committed 99072K, reserved 1134592K
  class space    used 12342K, capacity 13286K, committed 13388K, reserved 1048576K
}
Event: 16.782 GC heap before
{Heap before GC invocations=21 (full 0):
 garbage-first heap   total 260096K, used 196608K [0x0000000080000000, 0x0000000100000000)
  region size 1024K, 83 young (84992K), 11 survivors (11264K)
 Metaspace       used 96863K, capacity 99132K, committed 99968K, reserved 1136640K
  class space    used 12329K, capacity 13211K, committed 13516K, reserved 1048576K
}
Event: 16.796 GC heap after
{Heap after GC invocations=22 (full 0):
 garbage-first heap   total 260096K, used 128125K [0x0000000080000000, 0x0000000100000000)
  region size 1024K, 7 young (7168K), 7 survivors (7168K)
 Metaspace       used 96863K, capacity 99132K, committed 99968K, reserved 1136640K
  class space    used 12329K, capacity 13211K, committed 13516K, reserved 1048576K
}
Event: 16.821 GC heap before
{Heap before GC invocations=22 (full 0):
 garbage-first heap   total 260096K, used 133245K [0x0000000080000000, 0x0000000100000000)
  region size 1024K, 12 young (12288K), 7 survivors (7168K)
 Metaspace       used 96863K, capacity 99132K, committed 99968K, reserved 1136640K
  class space    used 12329K, capacity 13211K, committed 13516K, reserved 1048576K
}
Event: 16.829 GC heap after
{Heap after GC invocations=23 (full 0):
 garbage-first heap   total 260096K, used 122520K [0x0000000080000000, 0x0000000100000000)
  region size 1024K, 2 young (2048K), 2 survivors (2048K)
 Metaspace       used 96863K, capacity 99132K, committed 99968K, reserved 1136640K
  class space    used 12329K, capacity 13211K, committed 13516K, reserved 1048576K
}
Event: 17.808 GC heap before
{Heap before GC invocations=23 (full 0):
 garbage-first heap   total 260096K, used 171672K [0x0000000080000000, 0x0000000100000000)
  region size 1024K, 52 young (53248K), 2 survivors (2048K)
 Metaspace       used 103125K, capacity 105586K, committed 105984K, reserved 1140736K
  class space    used 13132K, capacity 14042K, committed 14156K, reserved 1048576K
}
Event: 17.816 GC heap after
{Heap after GC invocations=24 (full 0):
 garbage-first heap   total 260096K, used 127810K [0x0000000080000000, 0x0000000100000000)
  region size 1024K, 7 young (7168K), 7 survivors (7168K)
 Metaspace       used 103125K, capacity 105586K, committed 105984K, reserved 1140736K
  class space    used 13132K, capacity 14042K, committed 14156K, reserved 1048576K
}
Event: 20.248 GC heap before
{Heap before GC invocations=25 (full 0):
 garbage-first heap   total 260096K, used 209730K [0x0000000080000000, 0x0000000100000000)
  region size 1024K, 85 young (87040K), 7 survivors (7168K)
 Metaspace       used 105837K, capacity 108365K, committed 108544K, reserved 1142784K
  class space    used 13405K, capacity 14345K, committed 14412K, reserved 1048576K
}
Event: 20.255 GC heap after
{Heap after GC invocations=26 (full 0):
 garbage-first heap   total 260096K, used 134371K [0x0000000080000000, 0x0000000100000000)
  region size 1024K, 6 young (6144K), 6 survivors (6144K)
 Metaspace       used 105837K, capacity 108365K, committed 108544K, reserved 1142784K
  class space    used 13405K, capacity 14345K, committed 14412K, reserved 1048576K
}
Event: 20.385 GC heap before
{Heap before GC invocations=26 (full 0):
 garbage-first heap   total 260096K, used 140515K [0x0000000080000000, 0x0000000100000000)
  region size 1024K, 12 young (12288K), 6 survivors (6144K)
 Metaspace       used 106487K, capacity 109036K, committed 109184K, reserved 1144832K
  class space    used 13497K, capacity 14471K, committed 14540K, reserved 1048576K
}
Event: 20.390 GC heap after
{Heap after GC invocations=27 (full 0):
 garbage-first heap   total 260096K, used 131735K [0x0000000080000000, 0x0000000100000000)
  region size 1024K, 1 young (1024K), 1 survivors (1024K)
 Metaspace       used 106487K, capacity 109036K, committed 109184K, reserved 1144832K
  class space    used 13497K, capacity 14471K, committed 14540K, reserved 1048576K
}
Event: 21.446 GC heap before
{Heap before GC invocations=27 (full 0):
 garbage-first heap   total 260096K, used 209559K [0x0000000080000000, 0x0000000100000000)
  region size 1024K, 78 young (79872K), 1 survivors (1024K)
 Metaspace       used 117635K, capacity 121287K, committed 121600K, reserved 1155072K
  class space    used 15381K, capacity 16850K, committed 16972K, reserved 1048576K
}
Event: 21.451 GC heap after
{Heap after GC invocations=28 (full 0):
 garbage-first heap   total 260096K, used 133187K [0x0000000080000000, 0x0000000100000000)
  region size 1024K, 3 young (3072K), 3 survivors (3072K)
 Metaspace       used 117635K, capacity 121287K, committed 121600K, reserved 1155072K
  class space    used 15381K, capacity 16850K, committed 16972K, reserved 1048576K
}
Event: 60.271 GC heap before
{Heap before GC invocations=29 (full 0):
 garbage-first heap   total 260096K, used 247875K [0x0000000080000000, 0x0000000100000000)
  region size 1024K, 81 young (82944K), 3 survivors (3072K)
 Metaspace       used 121770K, capacity 125705K, committed 125824K, reserved 1157120K
  class space    used 15995K, capacity 17583K, committed 17612K, reserved 1048576K
}
Event: 60.281 GC heap after
{Heap after GC invocations=30 (full 0):
 garbage-first heap   total 260096K, used 137976K [0x0000000080000000, 0x0000000100000000)
  region size 1024K, 8 young (8192K), 8 survivors (8192K)
 Metaspace       used 121770K, capacity 125705K, committed 125824K, reserved 1157120K
  class space    used 15995K, capacity 17583K, committed 17612K, reserved 1048576K
}
Event: 60.376 GC heap before
{Heap before GC invocations=30 (full 0):
 garbage-first heap   total 260096K, used 142072K [0x0000000080000000, 0x0000000100000000)
  region size 1024K, 12 young (12288K), 8 survivors (8192K)
 Metaspace       used 121872K, capacity 125798K, committed 125824K, reserved 1157120K
  class space    used 15998K, capacity 17589K, committed 17612K, reserved 1048576K
}
Event: 60.385 GC heap after
{Heap after GC invocations=31 (full 0):
 garbage-first heap   total 260096K, used 137034K [0x0000000080000000, 0x0000000100000000)
  region size 1024K, 2 young (2048K), 2 survivors (2048K)
 Metaspace       used 121872K, capacity 125798K, committed 125824K, reserved 1157120K
  class space    used 15998K, capacity 17589K, committed 17612K, reserved 1048576K
}
Event: 120.945 GC heap before
{Heap before GC invocations=31 (full 0):
 garbage-first heap   total 260096K, used 213834K [0x0000000080000000, 0x0000000100000000)
  region size 1024K, 78 young (79872K), 2 survivors (2048K)
 Metaspace       used 122344K, capacity 126334K, committed 126464K, reserved 1159168K
  class space    used 16017K, capacity 17620K, committed 17740K, reserved 1048576K
}
Event: 120.956 GC heap after
{Heap after GC invocations=32 (full 0):
 garbage-first heap   total 260096K, used 141770K [0x0000000080000000, 0x0000000100000000)
  region size 1024K, 7 young (7168K), 7 survivors (7168K)
 Metaspace       used 122344K, capacity 126334K, committed 126464K, reserved 1159168K
  class space    used 16017K, capacity 17620K, committed 17740K, reserved 1048576K
}

