# JRE version: OpenJDK Runtime Environment (11.0.11+9) (build 11.0.11+9-b60-7590822)
# Java VM: OpenJDK 64-Bit Server VM (11.0.11+9-b60-7590822, mixed mode, tiered, compressed oops, g1 gc, windows-amd64)
Heap:
 garbage-first heap   total 260096K, used 78411K [0x0000000080000000, 0x0000000100000000)
  region size 1024K, 34 young (34816K), 4 survivors (4096K)
 Metaspace       used 61791K, capacity 63294K, committed 63488K, reserved 1103872K
  class space    used 7863K, capacity 8469K, committed 8524K, reserved 1048576K
GC Heap History (14 events):
Event: 0.770 GC heap before
{Heap before GC invocations=0 (full 0):
 garbage-first heap   total 260096K, used 29696K [0x0000000080000000, 0x0000000100000000)
  region size 1024K, 24 young (24576K), 0 survivors (0K)
 Metaspace       used 9872K, capacity 10114K, committed 10368K, reserved 1058816K
  class space    used 1028K, capacity 1102K, committed 1152K, reserved 1048576K
}
Event: 0.801 GC heap after
{Heap after GC invocations=1 (full 0):
 garbage-first heap   total 260096K, used 9114K [0x0000000080000000, 0x0000000100000000)
  region size 1024K, 3 young (3072K), 3 survivors (3072K)
 Metaspace       used 9872K, capacity 10114K, committed 10368K, reserved 1058816K
  class space    used 1028K, capacity 1102K, committed 1152K, reserved 1048576K
}
Event: 2.468 GC heap before
{Heap before GC invocations=1 (full 0):
 garbage-first heap   total 260096K, used 108442K [0x0000000080000000, 0x0000000100000000)
  region size 1024K, 101 young (103424K), 3 survivors (3072K)
 Metaspace       used 20667K, capacity 21075K, committed 21248K, reserved 1067008K
  class space    used 2538K, capacity 2693K, committed 2816K, reserved 1048576K
}
Event: 2.474 GC heap after
{Heap after GC invocations=2 (full 0):
 garbage-first heap   total 260096K, used 17264K [0x0000000080000000, 0x0000000100000000)
  region size 1024K, 11 young (11264K), 11 survivors (11264K)
 Metaspace       used 20667K, capacity 21075K, committed 21248K, reserved 1067008K
  class space    used 2538K, capacity 2693K, committed 2816K, reserved 1048576K
}
Event: 3.021 GC heap before
{Heap before GC invocations=3 (full 0):
 garbage-first heap   total 260096K, used 74608K [0x0000000080000000, 0x0000000100000000)
  region size 1024K, 68 young (69632K), 11 survivors (11264K)
 Metaspace       used 26395K, capacity 27020K, committed 27264K, reserved 1073152K
  class space    used 3465K, capacity 3681K, committed 3712K, reserved 1048576K
}
Event: 3.028 GC heap after
{Heap after GC invocations=4 (full 0):
 garbage-first heap   total 260096K, used 19367K [0x0000000080000000, 0x0000000100000000)
  region size 1024K, 3 young (3072K), 3 survivors (3072K)
 Metaspace       used 26395K, capacity 27020K, committed 27264K, reserved 1073152K
  class space    used 3465K, capacity 3681K, committed 3712K, reserved 1048576K
}
Event: 3.787 GC heap before
{Heap before GC invocations=4 (full 0):
 garbage-first heap   total 260096K, used 75687K [0x0000000080000000, 0x0000000100000000)
  region size 1024K, 59 young (60416K), 3 survivors (3072K)
 Metaspace       used 35033K, capacity 35786K, committed 35840K, reserved 1081344K
  class space    used 4563K, capacity 4863K, committed 4864K, reserved 1048576K
}
Event: 3.796 GC heap after
{Heap after GC invocations=5 (full 0):
 garbage-first heap   total 260096K, used 22548K [0x0000000080000000, 0x0000000100000000)
  region size 1024K, 6 young (6144K), 6 survivors (6144K)
 Metaspace       used 35033K, capacity 35786K, committed 35840K, reserved 1081344K
  class space    used 4563K, capacity 4863K, committed 4864K, reserved 1048576K
}
Event: 4.978 GC heap before
{Heap before GC invocations=6 (full 0):
 garbage-first heap   total 260096K, used 135188K [0x0000000080000000, 0x0000000100000000)
  region size 1024K, 113 young (115712K), 6 survivors (6144K)
 Metaspace       used 43895K, capacity 44947K, committed 45260K, reserved 1089536K
  class space    used 5616K, capacity 6004K, committed 6092K, reserved 1048576K
}
Event: 4.988 GC heap after
{Heap after GC invocations=7 (full 0):
 garbage-first heap   total 260096K, used 29509K [0x0000000080000000, 0x0000000100000000)
  region size 1024K, 13 young (13312K), 13 survivors (13312K)
 Metaspace       used 43895K, capacity 44947K, committed 45260K, reserved 1089536K
  class space    used 5616K, capacity 6004K, committed 6092K, reserved 1048576K
}
Event: 6.167 GC heap before
{Heap before GC invocations=7 (full 0):
 garbage-first heap   total 260096K, used 156485K [0x0000000080000000, 0x0000000100000000)
  region size 1024K, 132 young (135168K), 13 survivors (13312K)
 Metaspace       used 50185K, capacity 51593K, committed 51788K, reserved 1093632K
  class space    used 6432K, capacity 6966K, committed 6988K, reserved 1048576K
}
Event: 6.182 GC heap after
{Heap after GC invocations=8 (full 0):
 garbage-first heap   total 260096K, used 45943K [0x0000000080000000, 0x0000000100000000)
  region size 1024K, 17 young (17408K), 17 survivors (17408K)
 Metaspace       used 50185K, capacity 51593K, committed 51788K, reserved 1093632K
  class space    used 6432K, capacity 6966K, committed 6988K, reserved 1048576K
}
Event: 7.112 GC heap before
{Heap before GC invocations=8 (full 0):
 garbage-first heap   total 260096K, used 102263K [0x0000000080000000, 0x0000000100000000)
  region size 1024K, 73 young (74752K), 17 survivors (17408K)
 Metaspace       used 58622K, capacity 60147K, committed 60288K, reserved 1101824K
  class space    used 7477K, capacity 8064K, committed 8140K, reserved 1048576K
}
Event: 7.140 GC heap after
{Heap after GC invocations=9 (full 0):
 garbage-first heap   total 260096K, used 49739K [0x0000000080000000, 0x0000000100000000)
  region size 1024K, 4 young (4096K), 4 survivors (4096K)
 Metaspace       used 58622K, capacity 60147K, committed 60288K, reserved 1101824K
  class space    used 7477K, capacity 8064K, committed 8140K, reserved 1048576K
}

